[09:06:33] [Render thread/INFO]: Environment: authHost='https://authserver.mojang.com', accountsHost='https://api.mojang.com', sessionHost='https://sessionserver.mojang.com', servicesHost='https://api.minecraftservices.com', name='PROD'
[09:06:34] [Render thread/ERROR]: Failed to verify authentication
com.mojang.authlib.exceptions.AuthenticationUnavailableException: Cannot contact authentication server
	at com.mojang.authlib.yggdrasil.YggdrasilAuthenticationService.makeRequest(YggdrasilAuthenticationService.java:125) ~[authlib-2.1.28.jar:?]
	at com.mojang.authlib.yggdrasil.YggdrasilSocialInteractionsService.checkPrivileges(YggdrasilSocialInteractionsService.java:94) ~[authlib-2.1.28.jar:?]
	at com.mojang.authlib.yggdrasil.YggdrasilSocialInteractionsService.<init>(YggdrasilSocialInteractionsService.java:40) ~[authlib-2.1.28.jar:?]
	at com.mojang.authlib.yggdrasil.YggdrasilAuthenticationService.createSocialInteractionsService(YggdrasilAuthenticationService.java:152) ~[authlib-2.1.28.jar:?]
	at djz.a(SourceFile:625) [client.jar:?]
	at djz.<init>(SourceFile:409) [client.jar:?]
	at net.minecraft.client.main.Main.main(SourceFile:177) [client.jar:?]
Caused by: java.io.IOException: Server returned HTTP response code: 401 for URL: https://api.minecraftservices.com/privileges
	at sun.net.www.protocol.http.HttpURLConnection.getInputStream0(HttpURLConnection.java:1839) ~[?:1.8.0_51]
	at sun.net.www.protocol.http.HttpURLConnection.getInputStream(HttpURLConnection.java:1440) ~[?:1.8.0_51]
	at sun.net.www.protocol.https.HttpsURLConnectionImpl.getInputStream(HttpsURLConnectionImpl.java:254) ~[?:1.8.0_51]
	at com.mojang.authlib.HttpAuthenticationService.performGetRequest(HttpAuthenticationService.java:140) ~[authlib-2.1.28.jar:?]
	at com.mojang.authlib.yggdrasil.YggdrasilAuthenticationService.makeRequest(YggdrasilAuthenticationService.java:104) ~[authlib-2.1.28.jar:?]
	... 6 more
[09:06:34] [Render thread/INFO]: Setting user: test
[09:06:34] [Render thread/INFO]: Backend library: LWJGL version 3.2.2 build 10
[09:06:35] [Render thread/INFO]: Narrator library for x64 successfully loaded
[09:06:35] [Render thread/INFO]: Reloading ResourceManager: Default
[09:06:36] [Realms Notification Availability checker #1/INFO]: Could not authorize you against Realms server: Invalid session id
[09:06:36] [Render thread/INFO]: Stopping!
[09:06:36] [Render thread/ERROR]: Shutdown failure!
java.util.ConcurrentModificationException: null
	at java.util.HashMap.forEach(HashMap.java:1283) ~[?:1.8.0_51]
	at ekd.close(SourceFile:163) ~[client.jar:?]
	at djz.close(SourceFile:978) [client.jar:?]
	at djz.l(SourceFile:957) [client.jar:?]
	at net.minecraft.client.main.Main.main(SourceFile:229) [client.jar:?]
